port 5000
check 1829
port 5000
check F110
check F110
check F20
check F105
THEER ARE 1 GUYS IN THE F105 NOW.
GET F105 UPDATE This is fucking works
check F105
F105 Add a USER
GET F105 UPDATE This is  working
check F105
F105 Add a USER
GET F105 UPDATE hahaha
THEER ARE 1 GUYS IN THE S209 NOW.
check S209
S209 Add a USER
GET S209 UPDATE 134918198930939497
check S209
S209 Add a USER
THEER ARE 2 GUYS IN THE S209 NOW.
GET S209 UPDATE 134896952730396706
check S209
S209 Add a USER
check S209
THEER ARE 1 GUYS IN THE S209 NOW.
check S209
S209 Add a USER
GET S209 UPDATE checkin:70033/8J2E42OS
GET S209 UPDATE checkin:70033/900XGIZP
GET S209 UPDATE checkin:70033/ZY7070A7
GET S209 UPDATE checkin:70033/47YAWYOU
GET S209 UPDATE checkin:70033/X5GC0RHZ
GET S209 UPDATE checkin:70033/47YAWYOU
GET S209 UPDATE checkin:70033/X5GC0RHZ
check F202
check F202
