port 5000
check 110
THEER ARE 1 GUYS IN THE 110 NOW.
check 110
110 Add a USER
check F202
THEER ARE 1 GUYS IN THE F202 NOW.
check F202
F202 Add a USER
check F22
THEER ARE 1 GUYS IN THE F105 NOW.
check F105
F105 Add a USER
check F105
THEER ARE 1 GUYS IN THE F105 NOW.
check F105
F105 Add a USER
GET F105 UPDATE release build failed
check F107
THEER ARE 1 GUYS IN THE F105 NOW.
check F105
F105 Add a USER
check F105
THEER ARE 1 GUYS IN THE F105 NOW.
check F105
F105 Add a USER
GET F105 UPDATE 6944649700126
GET F105 UPDATE http://www.ganten.com.cn
GET F105 UPDATE 6944649700126
check G104
THEER ARE 1 GUYS IN THE G104 NOW.
check G104
G104 Add a USER
GET G104 UPDATE 6944649700126
GET G104 UPDATE 3018675676878
GET G104 UPDATE http://www.ganten.com.cn
GET G104 UPDATE 6921665009044
check F101
THEER ARE 1 GUYS IN THE F101 NOW.
check F101
check F014
THEER ARE 1 GUYS IN THE F104 NOW.
check F104
F104 Add a USER
GET F104 UPDATE 
check F104
F104 Add a USER
GET F104 UPDATE shitd
GET F104 UPDATE Hello world
THEER ARE 1 GUYS IN THE 105 NOW.
check 105
105 Add a USER
check 105
105 Add a USER
GET 105 UPDATE It's wire
THEER ARE 1 GUYS IN THE F105 NOW.
check F105
F105 Add a USER
GET F105 UPDATE I make it!
THEER ARE 1 GUYS IN THE F110 NOW.
check F110
F110 Add a USER
GET F110 UPDATE http://weixin.qq.com/r/33XH30HEExxsrQW89yDN
check F222
THEER ARE 1 GUYS IN THE F105 NOW.
check F105
F105 Add a USER
THEER ARE 1 GUYS IN THE F110 NOW.
GET F110 UPDATE https://desk.dwcreditbank.com:8080/
check F110
F110 Add a USER
GET F110 UPDATE USAUS-FVFWTY1
GET F110 UPDATE http://bit.ly/sYLPpp
GET F110 UPDATE SMSTO:99000:OlyOly
GET F110 UPDATE http://bit.ly/4uz8fA?r=qr
GET F110 UPDATE https://www.dwcreditbank.com
GET F110 UPDATE http://bit.ly/sYLPpp
GET F110 UPDATE http://socialmediadiyworkshop.com
check F105
check F110
check F110
check F110
check F110
THEER ARE 1 GUYS IN THE F110 NOW.
check F110
F110 Add a USER
GET F110 UPDATE http://socialmediadiyworkshop.com
THEER ARE 2 GUYS IN THE F110 NOW.
THEER ARE 3 GUYS IN THE F110 NOW.
GET F110 UPDATE http://commons.wikimedia.org/wiki/Main_Page
GET F110 UPDATE Thanks for scanning our video thumbnail. Now, go write some code!
GET F110 UPDATE 1312520817
GET F110 UPDATE http://crunchify.com/
